<?xml version="1.0" encoding="UTF-8"?>
<testng-results skipped="0" failed="0" ignored="0" total="1" passed="1">
  <reporter-output>
  </reporter-output>
  <suite name="Default suite" duration-ms="43482" started-at="2018-09-09T05:43:16Z" finished-at="2018-09-09T05:44:00Z">
    <groups>
    </groups>
    <test name="Default test" duration-ms="43482" started-at="2018-09-09T05:43:16Z" finished-at="2018-09-09T05:44:00Z">
      <class name="tests.BankBazaarInvest">
        <test-method status="PASS" signature="startResult()[pri:0, instance:tests.BankBazaarInvest@78c03f1f]" name="startResult" is-config="true" duration-ms="663" started-at="2018-09-09T05:43:15Z" finished-at="2018-09-09T05:43:16Z">
          <reporter-output>
          </reporter-output>
        </test-method> <!-- startResult -->
        <test-method status="PASS" signature="setData()[pri:0, instance:tests.BankBazaarInvest@78c03f1f]" name="setData" is-config="true" duration-ms="0" started-at="2018-09-09T05:43:16Z" finished-at="2018-09-09T05:43:16Z">
          <reporter-output>
          </reporter-output>
        </test-method> <!-- setData -->
        <test-method status="PASS" signature="startTestCase()[pri:0, instance:tests.BankBazaarInvest@78c03f1f]" name="startTestCase" is-config="true" duration-ms="7" started-at="2018-09-09T05:43:16Z" finished-at="2018-09-09T05:43:16Z">
          <reporter-output>
          </reporter-output>
        </test-method> <!-- startTestCase -->
        <test-method status="PASS" signature="investinBankBazaar()[pri:0, instance:tests.BankBazaarInvest@78c03f1f]" name="investinBankBazaar" duration-ms="43448" started-at="2018-09-09T05:43:16Z" finished-at="2018-09-09T05:44:00Z">
          <reporter-output>
          </reporter-output>
        </test-method> <!-- investinBankBazaar -->
        <test-method status="PASS" signature="stopResult()[pri:0, instance:tests.BankBazaarInvest@78c03f1f]" name="stopResult" is-config="true" duration-ms="635" started-at="2018-09-09T05:44:00Z" finished-at="2018-09-09T05:44:00Z">
          <reporter-output>
          </reporter-output>
        </test-method> <!-- stopResult -->
      </class> <!-- tests.BankBazaarInvest -->
    </test> <!-- Default test -->
  </suite> <!-- Default suite -->
</testng-results>
